<?xml version="1.0" encoding="UTF-8"?>
<!-- Generated by org.testng.reporters.JUnitReportReporter -->
<testsuite hostname="LIN80025068" failures="0" tests="4" name="TestRunnerr.testRunnerClass" time="68.139" errors="0" timestamp="2022-08-19T14:58:39 IST" skipped="0">
  <testcase classname="TestRunnerr.testRunnerClass" name="runScenario" time="18.494"/>
  <system-out/>
  <testcase classname="TestRunnerr.testRunnerClass" name="runScenario" time="8.963"/>
  <system-out/>
  <testcase classname="TestRunnerr.testRunnerClass" name="runScenario" time="12.406"/>
  <system-out/>
  <testcase classname="TestRunnerr.testRunnerClass" name="runScenario" time="28.276"/>
  <system-out/>
</testsuite> <!-- TestRunnerr.testRunnerClass -->
