<?xml version="1.0" encoding="UTF-8"?>
<!-- Generated by org.testng.reporters.JUnitReportReporter -->
<testsuite hostname="LIN80025068" failures="0" tests="1" name="Excel.excelClass" time="28.429" errors="0" timestamp="2022-08-18T18:11:45 IST" skipped="0">
  <testcase classname="Excel.excelClass" name="searchDish1" time="28.429"/>
  <system-out/>
</testsuite> <!-- Excel.excelClass -->
